# JRE version: Java(TM) SE Runtime Environment (8.0_151-b12) (build 1.8.0_151-b12)
# Java VM: Java HotSpot(TM) 64-Bit Server VM (25.151-b12 mixed mode linux-amd64 compressed oops)
Heap:
 PSYoungGen      total 111616K, used 85157K [0x00000000ebe00000, 0x00000000f4a00000, 0x0000000100000000)
  eden space 104448K, 74% used [0x00000000ebe00000,0x00000000f0a6faf8,0x00000000f2400000)
  from space 7168K, 96% used [0x00000000f4300000,0x00000000f49b9b18,0x00000000f4a00000)
  to   space 9216K, 0% used [0x00000000f3800000,0x00000000f3800000,0x00000000f4100000)
 ParOldGen       total 36864K, used 9019K [0x00000000c3a00000, 0x00000000c5e00000, 0x00000000ebe00000)
  object space 36864K, 24% used [0x00000000c3a00000,0x00000000c42cee08,0x00000000c5e00000)
 Metaspace       used 29604K, capacity 30622K, committed 30848K, reserved 1075200K
  class space    used 3861K, capacity 4114K, committed 4224K, reserved 1048576K
GC Heap History (10 events):
Event: 1.355 GC heap before
{Heap before GC invocations=3 (full 0):
 PSYoungGen      total 34304K, used 34287K [0x00000000ebe00000, 0x00000000ee200000, 0x0000000100000000)
  eden space 31744K, 100% used [0x00000000ebe00000,0x00000000edd00000,0x00000000edd00000)
  from space 2560K, 99% used [0x00000000edf80000,0x00000000ee1fbe60,0x00000000ee200000)
  to   space 2560K, 0% used [0x00000000edd00000,0x00000000edd00000,0x00000000edf80000)
 ParOldGen       total 42496K, used 3088K [0x00000000c3a00000, 0x00000000c6380000, 0x00000000ebe00000)
  object space 42496K, 7% used [0x00000000c3a00000,0x00000000c3d041a8,0x00000000c6380000)
 Metaspace       used 12310K, capacity 12748K, committed 13056K, reserved 1060864K
  class space    used 1537K, capacity 1678K, committed 1792K, reserved 1048576K
Event: 1.364 GC heap after
Heap after GC invocations=3 (full 0):
 PSYoungGen      total 34304K, used 2536K [0x00000000ebe00000, 0x00000000f0100000, 0x0000000100000000)
  eden space 31744K, 0% used [0x00000000ebe00000,0x00000000ebe00000,0x00000000edd00000)
  from space 2560K, 99% used [0x00000000edd00000,0x00000000edf7a150,0x00000000edf80000)
  to   space 2560K, 0% used [0x00000000efe80000,0x00000000efe80000,0x00000000f0100000)
 ParOldGen       total 42496K, used 5899K [0x00000000c3a00000, 0x00000000c6380000, 0x00000000ebe00000)
  object space 42496K, 13% used [0x00000000c3a00000,0x00000000c3fc2d90,0x00000000c6380000)
 Metaspace       used 12310K, capacity 12748K, committed 13056K, reserved 1060864K
  class space    used 1537K, capacity 1678K, committed 1792K, reserved 1048576K
}
Event: 1.606 GC heap before
{Heap before GC invocations=4 (full 0):
 PSYoungGen      total 34304K, used 34280K [0x00000000ebe00000, 0x00000000f0100000, 0x0000000100000000)
  eden space 31744K, 100% used [0x00000000ebe00000,0x00000000edd00000,0x00000000edd00000)
  from space 2560K, 99% used [0x00000000edd00000,0x00000000edf7a150,0x00000000edf80000)
  to   space 2560K, 0% used [0x00000000efe80000,0x00000000efe80000,0x00000000f0100000)
 ParOldGen       total 42496K, used 5899K [0x00000000c3a00000, 0x00000000c6380000, 0x00000000ebe00000)
  object space 42496K, 13% used [0x00000000c3a00000,0x00000000c3fc2d90,0x00000000c6380000)
 Metaspace       used 15382K, capacity 15896K, committed 16128K, reserved 1062912K
  class space    used 2027K, capacity 2182K, committed 2304K, reserved 1048576K
Event: 1.615 GC heap after
Heap after GC invocations=4 (full 0):
 PSYoungGen      total 66048K, used 2560K [0x00000000ebe00000, 0x00000000f0100000, 0x0000000100000000)
  eden space 63488K, 0% used [0x00000000ebe00000,0x00000000ebe00000,0x00000000efc00000)
  from space 2560K, 100% used [0x00000000efe80000,0x00000000f0100000,0x00000000f0100000)
  to   space 2560K, 0% used [0x00000000efc00000,0x00000000efc00000,0x00000000efe80000)
 ParOldGen       total 42496K, used 9143K [0x00000000c3a00000, 0x00000000c6380000, 0x00000000ebe00000)
  object space 42496K, 21% used [0x00000000c3a00000,0x00000000c42edc68,0x00000000c6380000)
 Metaspace       used 15382K, capacity 15896K, committed 16128K, reserved 1062912K
  class space    used 2027K, capacity 2182K, committed 2304K, reserved 1048576K
}
Event: 1.946 GC heap before
{Heap before GC invocations=5 (full 0):
 PSYoungGen      total 66048K, used 44968K [0x00000000ebe00000, 0x00000000f0100000, 0x0000000100000000)
  eden space 63488K, 66% used [0x00000000ebe00000,0x00000000ee76a1b8,0x00000000efc00000)
  from space 2560K, 100% used [0x00000000efe80000,0x00000000f0100000,0x00000000f0100000)
  to   space 2560K, 0% used [0x00000000efc00000,0x00000000efc00000,0x00000000efe80000)
 ParOldGen       total 42496K, used 9143K [0x00000000c3a00000, 0x00000000c6380000, 0x00000000ebe00000)
  object space 42496K, 21% used [0x00000000c3a00000,0x00000000c42edc68,0x00000000c6380000)
 Metaspace       used 20607K, capacity 21170K, committed 21296K, reserved 1067008K
  class space    used 2675K, capacity 2847K, committed 2944K, reserved 1048576K
Event: 1.962 GC heap after
Heap after GC invocations=5 (full 0):
 PSYoungGen      total 66048K, used 2560K [0x00000000ebe00000, 0x00000000f4c00000, 0x0000000100000000)
  eden space 63488K, 0% used [0x00000000ebe00000,0x00000000ebe00000,0x00000000efc00000)
  from space 2560K, 100% used [0x00000000efc00000,0x00000000efe80000,0x00000000efe80000)
  to   space 9216K, 0% used [0x00000000f4300000,0x00000000f4300000,0x00000000f4c00000)
 ParOldGen       total 42496K, used 14712K [0x00000000c3a00000, 0x00000000c6380000, 0x00000000ebe00000)
  object space 42496K, 34% used [0x00000000c3a00000,0x00000000c485e288,0x00000000c6380000)
 Metaspace       used 20607K, capacity 21170K, committed 21296K, reserved 1067008K
  class space    used 2675K, capacity 2847K, committed 2944K, reserved 1048576K
}
Event: 1.962 GC heap before
{Heap before GC invocations=6 (full 1):
 PSYoungGen      total 66048K, used 2560K [0x00000000ebe00000, 0x00000000f4c00000, 0x0000000100000000)
  eden space 63488K, 0% used [0x00000000ebe00000,0x00000000ebe00000,0x00000000efc00000)
  from space 2560K, 100% used [0x00000000efc00000,0x00000000efe80000,0x00000000efe80000)
  to   space 9216K, 0% used [0x00000000f4300000,0x00000000f4300000,0x00000000f4c00000)
 ParOldGen       total 42496K, used 14712K [0x00000000c3a00000, 0x00000000c6380000, 0x00000000ebe00000)
  object space 42496K, 34% used [0x00000000c3a00000,0x00000000c485e288,0x00000000c6380000)
 Metaspace       used 20607K, capacity 21170K, committed 21296K, reserved 1067008K
  class space    used 2675K, capacity 2847K, committed 2944K, reserved 1048576K
Event: 1.996 GC heap after
Heap after GC invocations=6 (full 1):
 PSYoungGen      total 66048K, used 0K [0x00000000ebe00000, 0x00000000f4c00000, 0x0000000100000000)
  eden space 63488K, 0% used [0x00000000ebe00000,0x00000000ebe00000,0x00000000efc00000)
  from space 2560K, 0% used [0x00000000efc00000,0x00000000efc00000,0x00000000efe80000)
  to   space 9216K, 0% used [0x00000000f4300000,0x00000000f4300000,0x00000000f4c00000)
 ParOldGen       total 36864K, used 9011K [0x00000000c3a00000, 0x00000000c5e00000, 0x00000000ebe00000)
  object space 36864K, 24% used [0x00000000c3a00000,0x00000000c42cce08,0x00000000c5e00000)
 Metaspace       used 20605K, capacity 21164K, committed 21296K, reserved 1067008K
  class space    used 2674K, capacity 2846K, committed 2944K, reserved 1048576K
}
Event: 3.744 GC heap before
{Heap before GC invocations=7 (full 1):
 PSYoungGen      total 66048K, used 63488K [0x00000000ebe00000, 0x00000000f4c00000, 0x0000000100000000)
  eden space 63488K, 100% used [0x00000000ebe00000,0x00000000efc00000,0x00000000efc00000)
  from space 2560K, 0% used [0x00000000efc00000,0x00000000efc00000,0x00000000efe80000)
  to   space 9216K, 0% used [0x00000000f4300000,0x00000000f4300000,0x00000000f4c00000)
 ParOldGen       total 36864K, used 9011K [0x00000000c3a00000, 0x00000000c5e00000, 0x00000000ebe00000)
  object space 36864K, 24% used [0x00000000c3a00000,0x00000000c42cce08,0x00000000c5e00000)
 Metaspace       used 27208K, capacity 28156K, committed 28416K, reserved 1073152K
  class space    used 3516K, capacity 3762K, committed 3840K, reserved 1048576K
Event: 3.759 GC heap after
Heap after GC invocations=7 (full 1):
 PSYoungGen      total 111616K, used 6886K [0x00000000ebe00000, 0x00000000f4a00000, 0x0000000100000000)
  eden space 104448K, 0% used [0x00000000ebe00000,0x00000000ebe00000,0x00000000f2400000)
  from space 7168K, 96% used [0x00000000f4300000,0x00000000f49b9b18,0x00000000f4a00000)
  to   space 9216K, 0% used [0x00000000f3800000,0x00000000f3800000,0x00000000f4100000)
 ParOldGen       total 36864K, used 9019K [0x00000000c3a00000, 0x00000000c5e00000, 0x00000000ebe00000)
  object space 36864K, 24% used [0x00000000c3a00000,0x00000000c42cee08,0x00000000c5e00000)
 Metaspace       used 27208K, capacity 28156K, committed 28416K, reserved 1073152K
  class space    used 3516K, capacity 3762K, committed 3840K, reserved 1048576K
}

