# JRE version: Java(TM) SE Runtime Environment (8.0_151-b12) (build 1.8.0_151-b12)
# Java VM: Java HotSpot(TM) 64-Bit Server VM (25.151-b12 mixed mode linux-amd64 compressed oops)
Heap:
 PSYoungGen      total 230400K, used 6098K [0x00000000ebe00000, 0x00000000fb900000, 0x0000000100000000)
  eden space 224256K, 0% used [0x00000000ebe00000,0x00000000ebe00000,0x00000000f9900000)
  from space 6144K, 99% used [0x00000000f9900000,0x00000000f9ef49d8,0x00000000f9f00000)
  to   space 16384K, 0% used [0x00000000fa900000,0x00000000fa900000,0x00000000fb900000)
 ParOldGen       total 57344K, used 33576K [0x00000000c3a00000, 0x00000000c7200000, 0x00000000ebe00000)
  object space 57344K, 58% used [0x00000000c3a00000,0x00000000c5aca0e0,0x00000000c7200000)
 Metaspace       used 56237K, capacity 59314K, committed 59560K, reserved 1101824K
  class space    used 7413K, capacity 7989K, committed 8112K, reserved 1048576K
GC Heap History (10 events):
Event: 115.718 GC heap after
Heap after GC invocations=17 (full 3):
 PSYoungGen      total 202752K, used 0K [0x00000000ebe00000, 0x00000000f9600000, 0x0000000100000000)
  eden space 185344K, 0% used [0x00000000ebe00000,0x00000000ebe00000,0x00000000f7300000)
  from space 17408K, 0% used [0x00000000f8500000,0x00000000f8500000,0x00000000f9600000)
  to   space 17920K, 0% used [0x00000000f7300000,0x00000000f7300000,0x00000000f8480000)
 ParOldGen       total 57344K, used 29987K [0x00000000c3a00000, 0x00000000c7200000, 0x00000000ebe00000)
  object space 57344K, 52% used [0x00000000c3a00000,0x00000000c5748eb8,0x00000000c7200000)
 Metaspace       used 55083K, capacity 57764K, committed 58024K, reserved 1099776K
  class space    used 7352K, capacity 7836K, committed 7856K, reserved 1048576K
}
Event: 117.846 GC heap before
{Heap before GC invocations=18 (full 3):
 PSYoungGen      total 202752K, used 185344K [0x00000000ebe00000, 0x00000000f9600000, 0x0000000100000000)
  eden space 185344K, 100% used [0x00000000ebe00000,0x00000000f7300000,0x00000000f7300000)
  from space 17408K, 0% used [0x00000000f8500000,0x00000000f8500000,0x00000000f9600000)
  to   space 17920K, 0% used [0x00000000f7300000,0x00000000f7300000,0x00000000f8480000)
 ParOldGen       total 57344K, used 29987K [0x00000000c3a00000, 0x00000000c7200000, 0x00000000ebe00000)
  object space 57344K, 52% used [0x00000000c3a00000,0x00000000c5748eb8,0x00000000c7200000)
 Metaspace       used 55706K, capacity 58682K, committed 58920K, reserved 1099776K
  class space    used 7393K, capacity 7929K, committed 7984K, reserved 1048576K
Event: 117.863 GC heap after
Heap after GC invocations=18 (full 3):
 PSYoungGen      total 203264K, used 7595K [0x00000000ebe00000, 0x00000000fbb00000, 0x0000000100000000)
  eden space 185344K, 0% used [0x00000000ebe00000,0x00000000ebe00000,0x00000000f7300000)
  from space 17920K, 42% used [0x00000000f7300000,0x00000000f7a6afd0,0x00000000f8480000)
  to   space 17408K, 0% used [0x00000000faa00000,0x00000000faa00000,0x00000000fbb00000)
 ParOldGen       total 57344K, used 29995K [0x00000000c3a00000, 0x00000000c7200000, 0x00000000ebe00000)
  object space 57344K, 52% used [0x00000000c3a00000,0x00000000c574aeb8,0x00000000c7200000)
 Metaspace       used 55706K, capacity 58682K, committed 58920K, reserved 1099776K
  class space    used 7393K, capacity 7929K, committed 7984K, reserved 1048576K
}
Event: 157.171 GC heap before
{Heap before GC invocations=19 (full 3):
 PSYoungGen      total 203264K, used 39312K [0x00000000ebe00000, 0x00000000fbb00000, 0x0000000100000000)
  eden space 185344K, 17% used [0x00000000ebe00000,0x00000000edcf91c0,0x00000000f7300000)
  from space 17920K, 42% used [0x00000000f7300000,0x00000000f7a6afd0,0x00000000f8480000)
  to   space 17408K, 0% used [0x00000000faa00000,0x00000000faa00000,0x00000000fbb00000)
 ParOldGen       total 57344K, used 29995K [0x00000000c3a00000, 0x00000000c7200000, 0x00000000ebe00000)
  object space 57344K, 52% used [0x00000000c3a00000,0x00000000c574aeb8,0x00000000c7200000)
 Metaspace       used 55813K, capacity 58776K, committed 58920K, reserved 1099776K
  class space    used 7395K, capacity 7935K, committed 7984K, reserved 1048576K
Event: 157.177 GC heap after
Heap after GC invocations=19 (full 3):
 PSYoungGen      total 240640K, used 4349K [0x00000000ebe00000, 0x00000000fba00000, 0x0000000100000000)
  eden space 224256K, 0% used [0x00000000ebe00000,0x00000000ebe00000,0x00000000f9900000)
  from space 16384K, 26% used [0x00000000faa00000,0x00000000fae3f450,0x00000000fba00000)
  to   space 16896K, 0% used [0x00000000f9900000,0x00000000f9900000,0x00000000fa980000)
 ParOldGen       total 57344K, used 30003K [0x00000000c3a00000, 0x00000000c7200000, 0x00000000ebe00000)
  object space 57344K, 52% used [0x00000000c3a00000,0x00000000c574ceb8,0x00000000c7200000)
 Metaspace       used 55813K, capacity 58776K, committed 58920K, reserved 1099776K
  class space    used 7395K, capacity 7935K, committed 7984K, reserved 1048576K
}
Event: 157.177 GC heap before
{Heap before GC invocations=20 (full 4):
 PSYoungGen      total 240640K, used 4349K [0x00000000ebe00000, 0x00000000fba00000, 0x0000000100000000)
  eden space 224256K, 0% used [0x00000000ebe00000,0x00000000ebe00000,0x00000000f9900000)
  from space 16384K, 26% used [0x00000000faa00000,0x00000000fae3f450,0x00000000fba00000)
  to   space 16896K, 0% used [0x00000000f9900000,0x00000000f9900000,0x00000000fa980000)
 ParOldGen       total 57344K, used 30003K [0x00000000c3a00000, 0x00000000c7200000, 0x00000000ebe00000)
  object space 57344K, 52% used [0x00000000c3a00000,0x00000000c574ceb8,0x00000000c7200000)
 Metaspace       used 55813K, capacity 58776K, committed 58920K, reserved 1099776K
  class space    used 7395K, capacity 7935K, committed 7984K, reserved 1048576K
Event: 157.431 GC heap after
Heap after GC invocations=20 (full 4):
 PSYoungGen      total 240640K, used 0K [0x00000000ebe00000, 0x00000000fba00000, 0x0000000100000000)
  eden space 224256K, 0% used [0x00000000ebe00000,0x00000000ebe00000,0x00000000f9900000)
  from space 16384K, 0% used [0x00000000faa00000,0x00000000faa00000,0x00000000fba00000)
  to   space 16896K, 0% used [0x00000000f9900000,0x00000000f9900000,0x00000000fa980000)
 ParOldGen       total 57344K, used 33568K [0x00000000c3a00000, 0x00000000c7200000, 0x00000000ebe00000)
  object space 57344K, 58% used [0x00000000c3a00000,0x00000000c5ac80e0,0x00000000c7200000)
 Metaspace       used 55813K, capacity 58776K, committed 58920K, reserved 1099776K
  class space    used 7395K, capacity 7935K, committed 7984K, reserved 1048576K
}
Event: 164.812 GC heap before
{Heap before GC invocations=21 (full 4):
 PSYoungGen      total 240640K, used 210210K [0x00000000ebe00000, 0x00000000fba00000, 0x0000000100000000)
  eden space 224256K, 93% used [0x00000000ebe00000,0x00000000f8b48a38,0x00000000f9900000)
  from space 16384K, 0% used [0x00000000faa00000,0x00000000faa00000,0x00000000fba00000)
  to   space 16896K, 0% used [0x00000000f9900000,0x00000000f9900000,0x00000000fa980000)
 ParOldGen       total 57344K, used 33568K [0x00000000c3a00000, 0x00000000c7200000, 0x00000000ebe00000)
  object space 57344K, 58% used [0x00000000c3a00000,0x00000000c5ac80e0,0x00000000c7200000)
 Metaspace       used 56237K, capacity 59314K, committed 59560K, reserved 1101824K
  class space    used 7413K, capacity 7989K, committed 8112K, reserved 1048576K
Event: 164.820 GC heap after
Heap after GC invocations=21 (full 4):
 PSYoungGen      total 230400K, used 6098K [0x00000000ebe00000, 0x00000000fb900000, 0x0000000100000000)
  eden space 224256K, 0% used [0x00000000ebe00000,0x00000000ebe00000,0x00000000f9900000)
  from space 6144K, 99% used [0x00000000f9900000,0x00000000f9ef49d8,0x00000000f9f00000)
  to   space 16384K, 0% used [0x00000000fa900000,0x00000000fa900000,0x00000000fb900000)
 ParOldGen       total 57344K, used 33576K [0x00000000c3a00000, 0x00000000c7200000, 0x00000000ebe00000)
  object space 57344K, 58% used [0x00000000c3a00000,0x00000000c5aca0e0,0x00000000c7200000)
 Metaspace       used 56237K, capacity 59314K, committed 59560K, reserved 1101824K
  class space    used 7413K, capacity 7989K, committed 8112K, reserved 1048576K
}
Event: 164.820 GC heap before
{Heap before GC invocations=22 (full 5):
 PSYoungGen      total 230400K, used 6098K [0x00000000ebe00000, 0x00000000fb900000, 0x0000000100000000)
  eden space 224256K, 0% used [0x00000000ebe00000,0x00000000ebe00000,0x00000000f9900000)
  from space 6144K, 99% used [0x00000000f9900000,0x00000000f9ef49d8,0x00000000f9f00000)
  to   space 16384K, 0% used [0x00000000fa900000,0x00000000fa900000,0x00000000fb900000)
 ParOldGen       total 57344K, used 33576K [0x00000000c3a00000, 0x00000000c7200000, 0x00000000ebe00000)
  object space 57344K, 58% used [0x00000000c3a00000,0x00000000c5aca0e0,0x00000000c7200000)
 Metaspace       used 56237K, capacity 59314K, committed 59560K, reserved 1101824K
  class space    used 7413K, capacity 7989K, committed 8112K, reserved 1048576K

