# JRE version: Java(TM) SE Runtime Environment (8.0_151-b12) (build 1.8.0_151-b12)
# Java VM: Java HotSpot(TM) 64-Bit Server VM (25.151-b12 mixed mode linux-amd64 compressed oops)
Heap:
 PSYoungGen      total 111104K, used 37606K [0x00000000ebe00000, 0x00000000f4680000, 0x0000000100000000)
  eden space 104960K, 30% used [0x00000000ebe00000,0x00000000edcfd5a0,0x00000000f2480000)
  from space 6144K, 95% used [0x00000000f4080000,0x00000000f463c398,0x00000000f4680000)
  to   space 8704K, 0% used [0x00000000f3580000,0x00000000f3580000,0x00000000f3e00000)
 ParOldGen       total 33280K, used 9189K [0x00000000c3a00000, 0x00000000c5a80000, 0x00000000ebe00000)
  object space 33280K, 27% used [0x00000000c3a00000,0x00000000c42f9498,0x00000000c5a80000)
 Metaspace       used 27504K, capacity 28336K, committed 28416K, reserved 1073152K
  class space    used 3559K, capacity 3778K, committed 3840K, reserved 1048576K
GC Heap History (10 events):
Event: 4.292 GC heap before
{Heap before GC invocations=5 (full 0):
 PSYoungGen      total 34304K, used 34283K [0x00000000ebe00000, 0x00000000ee200000, 0x0000000100000000)
  eden space 31744K, 100% used [0x00000000ebe00000,0x00000000edd00000,0x00000000edd00000)
  from space 2560K, 99% used [0x00000000edf80000,0x00000000ee1fafb0,0x00000000ee200000)
  to   space 2560K, 0% used [0x00000000edd00000,0x00000000edd00000,0x00000000edf80000)
 ParOldGen       total 42496K, used 5631K [0x00000000c3a00000, 0x00000000c6380000, 0x00000000ebe00000)
  object space 42496K, 13% used [0x00000000c3a00000,0x00000000c3f7fd38,0x00000000c6380000)
 Metaspace       used 12752K, capacity 13176K, committed 13312K, reserved 1060864K
  class space    used 1608K, capacity 1734K, committed 1792K, reserved 1048576K
Event: 4.298 GC heap after
Heap after GC invocations=5 (full 0):
 PSYoungGen      total 34304K, used 2539K [0x00000000ebe00000, 0x00000000f0800000, 0x0000000100000000)
  eden space 31744K, 0% used [0x00000000ebe00000,0x00000000ebe00000,0x00000000edd00000)
  from space 2560K, 99% used [0x00000000edd00000,0x00000000edf7afb0,0x00000000edf80000)
  to   space 6144K, 0% used [0x00000000f0200000,0x00000000f0200000,0x00000000f0800000)
 ParOldGen       total 42496K, used 7991K [0x00000000c3a00000, 0x00000000c6380000, 0x00000000ebe00000)
  object space 42496K, 18% used [0x00000000c3a00000,0x00000000c41cdd00,0x00000000c6380000)
 Metaspace       used 12752K, capacity 13176K, committed 13312K, reserved 1060864K
  class space    used 1608K, capacity 1734K, committed 1792K, reserved 1048576K
}
Event: 5.028 GC heap before
{Heap before GC invocations=6 (full 0):
 PSYoungGen      total 34304K, used 34283K [0x00000000ebe00000, 0x00000000f0800000, 0x0000000100000000)
  eden space 31744K, 100% used [0x00000000ebe00000,0x00000000edd00000,0x00000000edd00000)
  from space 2560K, 99% used [0x00000000edd00000,0x00000000edf7afb0,0x00000000edf80000)
  to   space 6144K, 0% used [0x00000000f0200000,0x00000000f0200000,0x00000000f0800000)
 ParOldGen       total 42496K, used 7991K [0x00000000c3a00000, 0x00000000c6380000, 0x00000000ebe00000)
  object space 42496K, 18% used [0x00000000c3a00000,0x00000000c41cdd00,0x00000000c6380000)
 Metaspace       used 15936K, capacity 16440K, committed 16640K, reserved 1062912K
  class space    used 2073K, capacity 2234K, committed 2304K, reserved 1048576K
Event: 5.036 GC heap after
Heap after GC invocations=6 (full 0):
 PSYoungGen      total 68608K, used 5964K [0x00000000ebe00000, 0x00000000f0a00000, 0x0000000100000000)
  eden space 62464K, 0% used [0x00000000ebe00000,0x00000000ebe00000,0x00000000efb00000)
  from space 6144K, 97% used [0x00000000f0200000,0x00000000f07d3100,0x00000000f0800000)
  to   space 7168K, 0% used [0x00000000efb00000,0x00000000efb00000,0x00000000f0200000)
 ParOldGen       total 42496K, used 7999K [0x00000000c3a00000, 0x00000000c6380000, 0x00000000ebe00000)
  object space 42496K, 18% used [0x00000000c3a00000,0x00000000c41cfd00,0x00000000c6380000)
 Metaspace       used 15936K, capacity 16440K, committed 16640K, reserved 1062912K
  class space    used 2073K, capacity 2234K, committed 2304K, reserved 1048576K
}
Event: 5.763 GC heap before
{Heap before GC invocations=7 (full 0):
 PSYoungGen      total 68608K, used 54307K [0x00000000ebe00000, 0x00000000f0a00000, 0x0000000100000000)
  eden space 62464K, 77% used [0x00000000ebe00000,0x00000000eed35cc8,0x00000000efb00000)
  from space 6144K, 97% used [0x00000000f0200000,0x00000000f07d3100,0x00000000f0800000)
  to   space 7168K, 0% used [0x00000000efb00000,0x00000000efb00000,0x00000000f0200000)
 ParOldGen       total 42496K, used 7999K [0x00000000c3a00000, 0x00000000c6380000, 0x00000000ebe00000)
  object space 42496K, 18% used [0x00000000c3a00000,0x00000000c41cfd00,0x00000000c6380000)
 Metaspace       used 20687K, capacity 21178K, committed 21296K, reserved 1067008K
  class space    used 2681K, capacity 2831K, committed 2944K, reserved 1048576K
Event: 5.774 GC heap after
Heap after GC invocations=7 (full 0):
 PSYoungGen      total 69632K, used 7159K [0x00000000ebe00000, 0x00000000f4900000, 0x0000000100000000)
  eden space 62464K, 0% used [0x00000000ebe00000,0x00000000ebe00000,0x00000000efb00000)
  from space 7168K, 99% used [0x00000000efb00000,0x00000000f01fdcd0,0x00000000f0200000)
  to   space 8704K, 0% used [0x00000000f4080000,0x00000000f4080000,0x00000000f4900000)
 ParOldGen       total 42496K, used 9649K [0x00000000c3a00000, 0x00000000c6380000, 0x00000000ebe00000)
  object space 42496K, 22% used [0x00000000c3a00000,0x00000000c436c678,0x00000000c6380000)
 Metaspace       used 20687K, capacity 21178K, committed 21296K, reserved 1067008K
  class space    used 2681K, capacity 2831K, committed 2944K, reserved 1048576K
}
Event: 5.774 GC heap before
{Heap before GC invocations=8 (full 1):
 PSYoungGen      total 69632K, used 7159K [0x00000000ebe00000, 0x00000000f4900000, 0x0000000100000000)
  eden space 62464K, 0% used [0x00000000ebe00000,0x00000000ebe00000,0x00000000efb00000)
  from space 7168K, 99% used [0x00000000efb00000,0x00000000f01fdcd0,0x00000000f0200000)
  to   space 8704K, 0% used [0x00000000f4080000,0x00000000f4080000,0x00000000f4900000)
 ParOldGen       total 42496K, used 9649K [0x00000000c3a00000, 0x00000000c6380000, 0x00000000ebe00000)
  object space 42496K, 22% used [0x00000000c3a00000,0x00000000c436c678,0x00000000c6380000)
 Metaspace       used 20687K, capacity 21178K, committed 21296K, reserved 1067008K
  class space    used 2681K, capacity 2831K, committed 2944K, reserved 1048576K
Event: 5.806 GC heap after
Heap after GC invocations=8 (full 1):
 PSYoungGen      total 69632K, used 0K [0x00000000ebe00000, 0x00000000f4900000, 0x0000000100000000)
  eden space 62464K, 0% used [0x00000000ebe00000,0x00000000ebe00000,0x00000000efb00000)
  from space 7168K, 0% used [0x00000000efb00000,0x00000000efb00000,0x00000000f0200000)
  to   space 8704K, 0% used [0x00000000f4080000,0x00000000f4080000,0x00000000f4900000)
 ParOldGen       total 33280K, used 9117K [0x00000000c3a00000, 0x00000000c5a80000, 0x00000000ebe00000)
  object space 33280K, 27% used [0x00000000c3a00000,0x00000000c42e7488,0x00000000c5a80000)
 Metaspace       used 20685K, capacity 21172K, committed 21296K, reserved 1067008K
  class space    used 2680K, capacity 2830K, committed 2944K, reserved 1048576K
}
Event: 7.360 GC heap before
{Heap before GC invocations=9 (full 1):
 PSYoungGen      total 69632K, used 62464K [0x00000000ebe00000, 0x00000000f4900000, 0x0000000100000000)
  eden space 62464K, 100% used [0x00000000ebe00000,0x00000000efb00000,0x00000000efb00000)
  from space 7168K, 0% used [0x00000000efb00000,0x00000000efb00000,0x00000000f0200000)
  to   space 8704K, 0% used [0x00000000f4080000,0x00000000f4080000,0x00000000f4900000)
 ParOldGen       total 33280K, used 9117K [0x00000000c3a00000, 0x00000000c5a80000, 0x00000000ebe00000)
  object space 33280K, 27% used [0x00000000c3a00000,0x00000000c42e7488,0x00000000c5a80000)
 Metaspace       used 26927K, capacity 27782K, committed 28032K, reserved 1073152K
  class space    used 3487K, capacity 3705K, committed 3712K, reserved 1048576K
Event: 7.369 GC heap after
Heap after GC invocations=9 (full 1):
 PSYoungGen      total 111104K, used 5872K [0x00000000ebe00000, 0x00000000f4680000, 0x0000000100000000)
  eden space 104960K, 0% used [0x00000000ebe00000,0x00000000ebe00000,0x00000000f2480000)
  from space 6144K, 95% used [0x00000000f4080000,0x00000000f463c398,0x00000000f4680000)
  to   space 8704K, 0% used [0x00000000f3580000,0x00000000f3580000,0x00000000f3e00000)
 ParOldGen       total 33280K, used 9189K [0x00000000c3a00000, 0x00000000c5a80000, 0x00000000ebe00000)
  object space 33280K, 27% used [0x00000000c3a00000,0x00000000c42f9498,0x00000000c5a80000)
 Metaspace       used 26927K, capacity 27782K, committed 28032K, reserved 1073152K
  class space    used 3487K, capacity 3705K, committed 3712K, reserved 1048576K
}

